{"C:\\Users\\danil\\OneDrive\\Documents\\GitHub\\CoachMatch\\server\\api-pagamentos\\controllers\\payments.js": {"path":"C:\\Users\\danil\\OneDrive\\Documents\\GitHub\\CoachMatch\\server\\api-pagamentos\\controllers\\payments.js","statementMap":{"0":{"start":{"line":1,"column":24},"end":{"line":1,"column":54}},"1":{"start":{"line":6,"column":2},"end":{"line":17,"column":3}},"2":{"start":{"line":7,"column":32},"end":{"line":7,"column":40}},"3":{"start":{"line":9,"column":19},"end":{"line":11,"column":54}},"4":{"start":{"line":13,"column":23},"end":{"line":13,"column":62}},"5":{"start":{"line":14,"column":4},"end":{"line":14,"column":47}},"6":{"start":{"line":16,"column":4},"end":{"line":16,"column":50}},"7":{"start":{"line":21,"column":2},"end":{"line":29,"column":3}},"8":{"start":{"line":22,"column":24},"end":{"line":22,"column":82}},"9":{"start":{"line":24,"column":4},"end":{"line":24,"column":90}},"10":{"start":{"line":24,"column":22},"end":{"line":24,"column":90}},"11":{"start":{"line":26,"column":4},"end":{"line":26,"column":45}},"12":{"start":{"line":28,"column":4},"end":{"line":28,"column":47}},"13":{"start":{"line":33,"column":2},"end":{"line":38,"column":3}},"14":{"start":{"line":34,"column":25},"end":{"line":34,"column":83}},"15":{"start":{"line":35,"column":4},"end":{"line":35,"column":78}},"16":{"start":{"line":37,"column":4},"end":{"line":37,"column":53}},"17":{"start":{"line":42,"column":2},"end":{"line":47,"column":3}},"18":{"start":{"line":43,"column":25},"end":{"line":43,"column":87}},"19":{"start":{"line":44,"column":4},"end":{"line":44,"column":78}},"20":{"start":{"line":46,"column":4},"end":{"line":46,"column":55}},"21":{"start":{"line":51,"column":2},"end":{"line":56,"column":3}},"22":{"start":{"line":52,"column":25},"end":{"line":52,"column":87}},"23":{"start":{"line":53,"column":4},"end":{"line":53,"column":78}},"24":{"start":{"line":55,"column":4},"end":{"line":55,"column":55}},"25":{"start":{"line":60,"column":2},"end":{"line":72,"column":3}},"26":{"start":{"line":61,"column":19},"end":{"line":65,"column":5}},"27":{"start":{"line":66,"column":4},"end":{"line":66,"column":40}},"28":{"start":{"line":68,"column":4},"end":{"line":70,"column":5}},"29":{"start":{"line":69,"column":6},"end":{"line":69,"column":69}},"30":{"start":{"line":71,"column":4},"end":{"line":71,"column":50}},"31":{"start":{"line":78,"column":2},"end":{"line":78,"column":58}},"32":{"start":{"line":79,"column":2},"end":{"line":79,"column":70}},"33":{"start":{"line":82,"column":0},"end":{"line":89,"column":2}}},"fnMap":{"0":{"name":"createPayment","decl":{"start":{"line":5,"column":15},"end":{"line":5,"column":28}},"loc":{"start":{"line":5,"column":39},"end":{"line":18,"column":1}},"line":5},"1":{"name":"getPayment","decl":{"start":{"line":20,"column":15},"end":{"line":20,"column":25}},"loc":{"start":{"line":20,"column":36},"end":{"line":30,"column":1}},"line":20},"2":{"name":"getCoachPayments","decl":{"start":{"line":32,"column":15},"end":{"line":32,"column":31}},"loc":{"start":{"line":32,"column":42},"end":{"line":39,"column":1}},"line":32},"3":{"name":"getStudentPayments","decl":{"start":{"line":41,"column":15},"end":{"line":41,"column":33}},"loc":{"start":{"line":41,"column":44},"end":{"line":48,"column":1}},"line":41},"4":{"name":"getSessionPayments","decl":{"start":{"line":50,"column":15},"end":{"line":50,"column":33}},"loc":{"start":{"line":50,"column":44},"end":{"line":57,"column":1}},"line":50},"5":{"name":"refundPayment","decl":{"start":{"line":59,"column":15},"end":{"line":59,"column":28}},"loc":{"start":{"line":59,"column":39},"end":{"line":73,"column":1}},"line":59},"6":{"name":"handleError","decl":{"start":{"line":77,"column":9},"end":{"line":77,"column":20}},"loc":{"start":{"line":77,"column":40},"end":{"line":80,"column":1}},"line":77}},"branchMap":{"0":{"loc":{"start":{"line":9,"column":19},"end":{"line":11,"column":54}},"type":"cond-expr","locations":[{"start":{"line":10,"column":8},"end":{"line":10,"column":53}},{"start":{"line":11,"column":8},"end":{"line":11,"column":54}}],"line":9},"1":{"loc":{"start":{"line":13,"column":23},"end":{"line":13,"column":62}},"type":"cond-expr","locations":[{"start":{"line":13,"column":53},"end":{"line":13,"column":56}},{"start":{"line":13,"column":59},"end":{"line":13,"column":62}}],"line":13},"2":{"loc":{"start":{"line":24,"column":4},"end":{"line":24,"column":90}},"type":"if","locations":[{"start":{"line":24,"column":4},"end":{"line":24,"column":90}},{"start":{},"end":{}}],"line":24},"3":{"loc":{"start":{"line":68,"column":4},"end":{"line":70,"column":5}},"type":"if","locations":[{"start":{"line":68,"column":4},"end":{"line":70,"column":5}},{"start":{},"end":{}}],"line":68}},"s":{"0":1,"1":7,"2":7,"3":7,"4":6,"5":6,"6":1,"7":3,"8":3,"9":2,"10":1,"11":1,"12":1,"13":3,"14":3,"15":3,"16":0,"17":1,"18":1,"19":1,"20":0,"21":1,"22":1,"23":1,"24":0,"25":7,"26":7,"27":2,"28":5,"29":4,"30":1,"31":3,"32":3,"33":1},"f":{"0":7,"1":3,"2":3,"3":1,"4":1,"5":7,"6":3},"b":{"0":[2,5],"1":[1,5],"2":[1,1],"3":[4,1]},"_coverageSchema":"1a1c01bbd47fc00a2c39e90264f33305004495a9","hash":"30421bf3bdad007bff33dc25353fe2bedff1f222"}
,"C:\\Users\\danil\\OneDrive\\Documents\\GitHub\\CoachMatch\\server\\api-pagamentos\\middlewares\\auth.js": {"path":"C:\\Users\\danil\\OneDrive\\Documents\\GitHub\\CoachMatch\\server\\api-pagamentos\\middlewares\\auth.js","statementMap":{"0":{"start":{"line":1,"column":31},"end":{"line":1,"column":56}},"1":{"start":{"line":3,"column":17},"end":{"line":7,"column":2}},"2":{"start":{"line":10,"column":21},"end":{"line":10,"column":46}},"3":{"start":{"line":12,"column":2},"end":{"line":14,"column":3}},"4":{"start":{"line":13,"column":4},"end":{"line":13,"column":67}},"5":{"start":{"line":16,"column":2},"end":{"line":27,"column":3}},"6":{"start":{"line":17,"column":20},"end":{"line":17,"column":67}},"7":{"start":{"line":18,"column":4},"end":{"line":23,"column":6}},"8":{"start":{"line":24,"column":4},"end":{"line":24,"column":11}},"9":{"start":{"line":26,"column":4},"end":{"line":26,"column":74}},"10":{"start":{"line":30,"column":0},"end":{"line":30,"column":26}}},"fnMap":{"0":{"name":"auth","decl":{"start":{"line":9,"column":15},"end":{"line":9,"column":19}},"loc":{"start":{"line":9,"column":36},"end":{"line":28,"column":1}},"line":9}},"branchMap":{"0":{"loc":{"start":{"line":12,"column":2},"end":{"line":14,"column":3}},"type":"if","locations":[{"start":{"line":12,"column":2},"end":{"line":14,"column":3}},{"start":{},"end":{}}],"line":12},"1":{"loc":{"start":{"line":22,"column":16},"end":{"line":22,"column":47}},"type":"binary-expr","locations":[{"start":{"line":22,"column":16},"end":{"line":22,"column":41}},{"start":{"line":22,"column":45},"end":{"line":22,"column":47}}],"line":22}},"s":{"0":0,"1":0,"2":0,"3":0,"4":0,"5":0,"6":0,"7":0,"8":0,"9":0,"10":0},"f":{"0":0},"b":{"0":[0,0],"1":[0,0]}}
,"C:\\Users\\danil\\OneDrive\\Documents\\GitHub\\CoachMatch\\server\\api-pagamentos\\middlewares\\validation.js": {"path":"C:\\Users\\danil\\OneDrive\\Documents\\GitHub\\CoachMatch\\server\\api-pagamentos\\middlewares\\validation.js","statementMap":{"0":{"start":{"line":2,"column":2},"end":{"line":14,"column":4}},"1":{"start":{"line":3,"column":29},"end":{"line":3,"column":77}},"2":{"start":{"line":5,"column":4},"end":{"line":10,"column":5}},"3":{"start":{"line":6,"column":6},"end":{"line":9,"column":9}},"4":{"start":{"line":8,"column":40},"end":{"line":8,"column":49}},"5":{"start":{"line":12,"column":4},"end":{"line":12,"column":21}},"6":{"start":{"line":13,"column":4},"end":{"line":13,"column":11}},"7":{"start":{"line":17,"column":0},"end":{"line":17,"column":30}}},"fnMap":{"0":{"name":"validate","decl":{"start":{"line":1,"column":9},"end":{"line":1,"column":17}},"loc":{"start":{"line":1,"column":26},"end":{"line":15,"column":1}},"line":1},"1":{"name":"(anonymous_1)","decl":{"start":{"line":2,"column":9},"end":{"line":2,"column":10}},"loc":{"start":{"line":2,"column":29},"end":{"line":14,"column":3}},"line":2},"2":{"name":"(anonymous_2)","decl":{"start":{"line":8,"column":35},"end":{"line":8,"column":36}},"loc":{"start":{"line":8,"column":40},"end":{"line":8,"column":49}},"line":8}},"branchMap":{"0":{"loc":{"start":{"line":5,"column":4},"end":{"line":10,"column":5}},"type":"if","locations":[{"start":{"line":5,"column":4},"end":{"line":10,"column":5}},{"start":{},"end":{}}],"line":5}},"s":{"0":0,"1":0,"2":0,"3":0,"4":0,"5":0,"6":0,"7":0},"f":{"0":0,"1":0,"2":0},"b":{"0":[0,0]}}
,"C:\\Users\\danil\\OneDrive\\Documents\\GitHub\\CoachMatch\\server\\api-pagamentos\\repository\\payments.js": {"path":"C:\\Users\\danil\\OneDrive\\Documents\\GitHub\\CoachMatch\\server\\api-pagamentos\\repository\\payments.js","statementMap":{"0":{"start":{"line":1,"column":27},"end":{"line":1,"column":62}},"1":{"start":{"line":8,"column":4},"end":{"line":8,"column":36}},"2":{"start":{"line":10,"column":15},"end":{"line":10,"column":84}},"3":{"start":{"line":11,"column":15},"end":{"line":11,"column":50}},"4":{"start":{"line":13,"column":14},"end":{"line":13,"column":69}},"5":{"start":{"line":24,"column":2},"end":{"line":35,"column":4}},"6":{"start":{"line":39,"column":15},"end":{"line":39,"column":37}},"7":{"start":{"line":40,"column":2},"end":{"line":40,"column":66}},"8":{"start":{"line":41,"column":2},"end":{"line":41,"column":14}},"9":{"start":{"line":45,"column":17},"end":{"line":48,"column":5}},"10":{"start":{"line":49,"column":2},"end":{"line":49,"column":29}},"11":{"start":{"line":53,"column":17},"end":{"line":59,"column":5}},"12":{"start":{"line":60,"column":2},"end":{"line":60,"column":28}},"13":{"start":{"line":64,"column":17},"end":{"line":70,"column":5}},"14":{"start":{"line":71,"column":2},"end":{"line":71,"column":28}},"15":{"start":{"line":75,"column":17},"end":{"line":81,"column":5}},"16":{"start":{"line":82,"column":2},"end":{"line":82,"column":28}},"17":{"start":{"line":86,"column":2},"end":{"line":96,"column":6}},"18":{"start":{"line":99,"column":0},"end":{"line":99,"column":95}}},"fnMap":{"0":{"name":"buildItem","decl":{"start":{"line":23,"column":9},"end":{"line":23,"column":18}},"loc":{"start":{"line":23,"column":32},"end":{"line":36,"column":1}},"line":23},"1":{"name":"create","decl":{"start":{"line":38,"column":15},"end":{"line":38,"column":21}},"loc":{"start":{"line":38,"column":35},"end":{"line":42,"column":1}},"line":38},"2":{"name":"findById","decl":{"start":{"line":44,"column":15},"end":{"line":44,"column":23}},"loc":{"start":{"line":44,"column":39},"end":{"line":50,"column":1}},"line":44},"3":{"name":"findByCoach","decl":{"start":{"line":52,"column":15},"end":{"line":52,"column":26}},"loc":{"start":{"line":52,"column":36},"end":{"line":61,"column":1}},"line":52},"4":{"name":"findByStudent","decl":{"start":{"line":63,"column":15},"end":{"line":63,"column":28}},"loc":{"start":{"line":63,"column":40},"end":{"line":72,"column":1}},"line":63},"5":{"name":"findBySession","decl":{"start":{"line":74,"column":15},"end":{"line":74,"column":28}},"loc":{"start":{"line":74,"column":40},"end":{"line":83,"column":1}},"line":74},"6":{"name":"updateStatus","decl":{"start":{"line":85,"column":15},"end":{"line":85,"column":27}},"loc":{"start":{"line":85,"column":63},"end":{"line":97,"column":1}},"line":85}},"branchMap":{"0":{"loc":{"start":{"line":10,"column":44},"end":{"line":10,"column":81}},"type":"binary-expr","locations":[{"start":{"line":10,"column":44},"end":{"line":10,"column":66}},{"start":{"line":10,"column":70},"end":{"line":10,"column":81}}],"line":10},"1":{"loc":{"start":{"line":13,"column":14},"end":{"line":13,"column":69}},"type":"binary-expr","locations":[{"start":{"line":13,"column":14},"end":{"line":13,"column":40}},{"start":{"line":13,"column":44},"end":{"line":13,"column":69}}],"line":13},"2":{"loc":{"start":{"line":49,"column":9},"end":{"line":49,"column":28}},"type":"binary-expr","locations":[{"start":{"line":49,"column":9},"end":{"line":49,"column":20}},{"start":{"line":49,"column":24},"end":{"line":49,"column":28}}],"line":49},"3":{"loc":{"start":{"line":60,"column":9},"end":{"line":60,"column":27}},"type":"binary-expr","locations":[{"start":{"line":60,"column":9},"end":{"line":60,"column":21}},{"start":{"line":60,"column":25},"end":{"line":60,"column":27}}],"line":60},"4":{"loc":{"start":{"line":71,"column":9},"end":{"line":71,"column":27}},"type":"binary-expr","locations":[{"start":{"line":71,"column":9},"end":{"line":71,"column":21}},{"start":{"line":71,"column":25},"end":{"line":71,"column":27}}],"line":71},"5":{"loc":{"start":{"line":82,"column":9},"end":{"line":82,"column":27}},"type":"binary-expr","locations":[{"start":{"line":82,"column":9},"end":{"line":82,"column":21}},{"start":{"line":82,"column":25},"end":{"line":82,"column":27}}],"line":82},"6":{"loc":{"start":{"line":85,"column":51},"end":{"line":85,"column":61}},"type":"default-arg","locations":[{"start":{"line":85,"column":59},"end":{"line":85,"column":61}}],"line":85}},"s":{"0":2,"1":2,"2":2,"3":2,"4":2,"5":0,"6":0,"7":0,"8":0,"9":0,"10":0,"11":0,"12":0,"13":0,"14":0,"15":0,"16":0,"17":0,"18":2},"f":{"0":0,"1":0,"2":0,"3":0,"4":0,"5":0,"6":0},"b":{"0":[2,2],"1":[2,2],"2":[0,0],"3":[0,0],"4":[0,0],"5":[0,0],"6":[0]},"_coverageSchema":"1a1c01bbd47fc00a2c39e90264f33305004495a9","hash":"d374c43eb420157d0de28b258844e0ffcca3eb4c"}
,"C:\\Users\\danil\\OneDrive\\Documents\\GitHub\\CoachMatch\\server\\api-pagamentos\\routes\\payments.js": {"path":"C:\\Users\\danil\\OneDrive\\Documents\\GitHub\\CoachMatch\\server\\api-pagamentos\\routes\\payments.js","statementMap":{"0":{"start":{"line":1,"column":16},"end":{"line":1,"column":34}},"1":{"start":{"line":9,"column":4},"end":{"line":9,"column":38}},"2":{"start":{"line":10,"column":21},"end":{"line":10,"column":57}},"3":{"start":{"line":11,"column":62},"end":{"line":11,"column":92}},"4":{"start":{"line":13,"column":15},"end":{"line":13,"column":31}},"5":{"start":{"line":17,"column":17},"end":{"line":17,"column":82}},"6":{"start":{"line":18,"column":2},"end":{"line":18,"column":42}},"7":{"start":{"line":23,"column":0},"end":{"line":23,"column":86}},"8":{"start":{"line":26,"column":0},"end":{"line":26,"column":89}},"9":{"start":{"line":27,"column":0},"end":{"line":27,"column":91}},"10":{"start":{"line":28,"column":0},"end":{"line":28,"column":91}},"11":{"start":{"line":31,"column":0},"end":{"line":31,"column":83}},"12":{"start":{"line":32,"column":0},"end":{"line":32,"column":86}},"13":{"start":{"line":34,"column":0},"end":{"line":34,"column":24}}},"fnMap":{"0":{"name":"paymentValidation","decl":{"start":{"line":16,"column":9},"end":{"line":16,"column":26}},"loc":{"start":{"line":16,"column":43},"end":{"line":19,"column":1}},"line":16}},"branchMap":{"0":{"loc":{"start":{"line":17,"column":17},"end":{"line":17,"column":82}},"type":"cond-expr","locations":[{"start":{"line":17,"column":46},"end":{"line":17,"column":62}},{"start":{"line":17,"column":65},"end":{"line":17,"column":82}}],"line":17}},"s":{"0":0,"1":0,"2":0,"3":0,"4":0,"5":0,"6":0,"7":0,"8":0,"9":0,"10":0,"11":0,"12":0,"13":0},"f":{"0":0},"b":{"0":[0,0]}}
,"C:\\Users\\danil\\OneDrive\\Documents\\GitHub\\CoachMatch\\server\\api-pagamentos\\schemas\\payments.js": {"path":"C:\\Users\\danil\\OneDrive\\Documents\\GitHub\\CoachMatch\\server\\api-pagamentos\\schemas\\payments.js","statementMap":{"0":{"start":{"line":1,"column":12},"end":{"line":1,"column":26}},"1":{"start":{"line":5,"column":19},"end":{"line":5,"column":115}},"2":{"start":{"line":6,"column":19},"end":{"line":6,"column":113}},"3":{"start":{"line":7,"column":19},"end":{"line":7,"column":115}},"4":{"start":{"line":8,"column":19},"end":{"line":11,"column":2}},"5":{"start":{"line":15,"column":26},"end":{"line":28,"column":2}},"6":{"start":{"line":30,"column":25},"end":{"line":36,"column":2}},"7":{"start":{"line":38,"column":21},"end":{"line":43,"column":2}},"8":{"start":{"line":45,"column":0},"end":{"line":45,"column":71}}},"fnMap":{},"branchMap":{},"s":{"0":0,"1":0,"2":0,"3":0,"4":0,"5":0,"6":0,"7":0,"8":0},"f":{},"b":{}}
,"C:\\Users\\danil\\OneDrive\\Documents\\GitHub\\CoachMatch\\server\\api-pagamentos\\service\\payments.js": {"path":"C:\\Users\\danil\\OneDrive\\Documents\\GitHub\\CoachMatch\\server\\api-pagamentos\\service\\payments.js","statementMap":{"0":{"start":{"line":1,"column":23},"end":{"line":1,"column":38}},"1":{"start":{"line":2,"column":19},"end":{"line":2,"column":52}},"2":{"start":{"line":10,"column":4},"end":{"line":10,"column":39}},"3":{"start":{"line":16,"column":4},"end":{"line":16,"column":30}},"4":{"start":{"line":19,"column":2},"end":{"line":19,"column":28}},"5":{"start":{"line":25,"column":42},"end":{"line":25,"column":74}},"6":{"start":{"line":26,"column":24},"end":{"line":26,"column":47}},"7":{"start":{"line":27,"column":14},"end":{"line":27,"column":38}},"8":{"start":{"line":29,"column":22},"end":{"line":42,"column":3}},"9":{"start":{"line":44,"column":2},"end":{"line":44,"column":39}},"10":{"start":{"line":45,"column":2},"end":{"line":45,"column":21}},"11":{"start":{"line":49,"column":24},"end":{"line":49,"column":47}},"12":{"start":{"line":50,"column":14},"end":{"line":50,"column":38}},"13":{"start":{"line":53,"column":22},"end":{"line":65,"column":3}},"14":{"start":{"line":67,"column":2},"end":{"line":67,"column":39}},"15":{"start":{"line":68,"column":2},"end":{"line":68,"column":21}},"16":{"start":{"line":72,"column":2},"end":{"line":72,"column":44}},"17":{"start":{"line":76,"column":2},"end":{"line":76,"column":41}},"18":{"start":{"line":80,"column":2},"end":{"line":80,"column":45}},"19":{"start":{"line":84,"column":2},"end":{"line":84,"column":45}},"20":{"start":{"line":88,"column":22},"end":{"line":88,"column":62}},"21":{"start":{"line":90,"column":2},"end":{"line":90,"column":66}},"22":{"start":{"line":90,"column":20},"end":{"line":90,"column":66}},"23":{"start":{"line":91,"column":2},"end":{"line":91,"column":84}},"24":{"start":{"line":91,"column":31},"end":{"line":91,"column":84}},"25":{"start":{"line":92,"column":2},"end":{"line":92,"column":90}},"26":{"start":{"line":92,"column":34},"end":{"line":92,"column":90}},"27":{"start":{"line":93,"column":2},"end":{"line":93,"column":108}},"28":{"start":{"line":93,"column":45},"end":{"line":93,"column":108}},"29":{"start":{"line":95,"column":19},"end":{"line":95,"column":39}},"30":{"start":{"line":96,"column":14},"end":{"line":96,"column":38}},"31":{"start":{"line":98,"column":2},"end":{"line":98,"column":98}},"32":{"start":{"line":100,"column":2},"end":{"line":107,"column":4}},"33":{"start":{"line":110,"column":0},"end":{"line":118,"column":2}}},"fnMap":{"0":{"name":"generateTransactionId","decl":{"start":{"line":18,"column":9},"end":{"line":18,"column":30}},"loc":{"start":{"line":18,"column":33},"end":{"line":20,"column":1}},"line":18},"1":{"name":"processCardPayment","decl":{"start":{"line":24,"column":15},"end":{"line":24,"column":33}},"loc":{"start":{"line":24,"column":83},"end":{"line":46,"column":1}},"line":24},"2":{"name":"processPixPayment","decl":{"start":{"line":48,"column":15},"end":{"line":48,"column":32}},"loc":{"start":{"line":48,"column":76},"end":{"line":69,"column":1}},"line":48},"3":{"name":"getPayment","decl":{"start":{"line":71,"column":15},"end":{"line":71,"column":25}},"loc":{"start":{"line":71,"column":41},"end":{"line":73,"column":1}},"line":71},"4":{"name":"getCoachPayments","decl":{"start":{"line":75,"column":15},"end":{"line":75,"column":31}},"loc":{"start":{"line":75,"column":41},"end":{"line":77,"column":1}},"line":75},"5":{"name":"getStudentPayments","decl":{"start":{"line":79,"column":15},"end":{"line":79,"column":33}},"loc":{"start":{"line":79,"column":45},"end":{"line":81,"column":1}},"line":79},"6":{"name":"getSessionPayments","decl":{"start":{"line":83,"column":15},"end":{"line":83,"column":33}},"loc":{"start":{"line":83,"column":45},"end":{"line":85,"column":1}},"line":83},"7":{"name":"refundPayment","decl":{"start":{"line":87,"column":15},"end":{"line":87,"column":28}},"loc":{"start":{"line":87,"column":60},"end":{"line":108,"column":1}},"line":87}},"branchMap":{"0":{"loc":{"start":{"line":37,"column":17},"end":{"line":37,"column":69}},"type":"cond-expr","locations":[{"start":{"line":37,"column":40},"end":{"line":37,"column":62}},{"start":{"line":37,"column":65},"end":{"line":37,"column":69}}],"line":37},"1":{"loc":{"start":{"line":39,"column":8},"end":{"line":39,"column":48}},"type":"binary-expr","locations":[{"start":{"line":39,"column":8},"end":{"line":39,"column":14}},{"start":{"line":39,"column":23},"end":{"line":39,"column":48}}],"line":39},"2":{"loc":{"start":{"line":40,"column":8},"end":{"line":40,"column":44}},"type":"binary-expr","locations":[{"start":{"line":40,"column":8},"end":{"line":40,"column":19}},{"start":{"line":40,"column":23},"end":{"line":40,"column":44}}],"line":40},"3":{"loc":{"start":{"line":90,"column":2},"end":{"line":90,"column":66}},"type":"if","locations":[{"start":{"line":90,"column":2},"end":{"line":90,"column":66}},{"start":{},"end":{}}],"line":90},"4":{"loc":{"start":{"line":91,"column":2},"end":{"line":91,"column":84}},"type":"if","locations":[{"start":{"line":91,"column":2},"end":{"line":91,"column":84}},{"start":{},"end":{}}],"line":91},"5":{"loc":{"start":{"line":92,"column":2},"end":{"line":92,"column":90}},"type":"if","locations":[{"start":{"line":92,"column":2},"end":{"line":92,"column":90}},{"start":{},"end":{}}],"line":92},"6":{"loc":{"start":{"line":93,"column":2},"end":{"line":93,"column":108}},"type":"if","locations":[{"start":{"line":93,"column":2},"end":{"line":93,"column":108}},{"start":{},"end":{}}],"line":93},"7":{"loc":{"start":{"line":105,"column":12},"end":{"line":105,"column":26}},"type":"binary-expr","locations":[{"start":{"line":105,"column":12},"end":{"line":105,"column":18}},{"start":{"line":105,"column":22},"end":{"line":105,"column":26}}],"line":105}},"s":{"0":2,"1":2,"2":2,"3":2,"4":12,"5":7,"6":7,"7":7,"8":7,"9":7,"10":7,"11":5,"12":5,"13":5,"14":5,"15":5,"16":2,"17":2,"18":1,"19":1,"20":12,"21":12,"22":1,"23":11,"24":1,"25":10,"26":2,"27":8,"28":1,"29":7,"30":7,"31":7,"32":7,"33":2},"f":{"0":12,"1":7,"2":5,"3":2,"4":2,"5":1,"6":1,"7":12},"b":{"0":[6,1],"1":[7,2],"2":[7,1],"3":[1,11],"4":[1,10],"5":[2,8],"6":[1,7],"7":[7,4]},"_coverageSchema":"1a1c01bbd47fc00a2c39e90264f33305004495a9","hash":"32d62512a3cdbec30a342c7a8f479f2459090603"}
,"C:\\Users\\danil\\OneDrive\\Documents\\GitHub\\CoachMatch\\server\\api-pagamentos\\utils\\config.js": {"path":"C:\\Users\\danil\\OneDrive\\Documents\\GitHub\\CoachMatch\\server\\api-pagamentos\\utils\\config.js","statementMap":{"0":{"start":{"line":1,"column":26},"end":{"line":1,"column":30}},"1":{"start":{"line":3,"column":19},"end":{"line":11,"column":1}},"2":{"start":{"line":13,"column":0},"end":{"line":13,"column":51}}},"fnMap":{},"branchMap":{},"s":{"0":2,"1":2,"2":2},"f":{},"b":{},"_coverageSchema":"1a1c01bbd47fc00a2c39e90264f33305004495a9","hash":"3b0c068a493eda17959cb0b42027d6e22d933d1b"}
,"C:\\Users\\danil\\OneDrive\\Documents\\GitHub\\CoachMatch\\server\\api-pagamentos\\utils\\errors.js": {"path":"C:\\Users\\danil\\OneDrive\\Documents\\GitHub\\CoachMatch\\server\\api-pagamentos\\utils\\errors.js","statementMap":{"0":{"start":{"line":3,"column":4},"end":{"line":3,"column":56}},"1":{"start":{"line":4,"column":4},"end":{"line":4,"column":26}},"2":{"start":{"line":5,"column":4},"end":{"line":5,"column":36}},"3":{"start":{"line":11,"column":4},"end":{"line":11,"column":58}},"4":{"start":{"line":12,"column":4},"end":{"line":12,"column":26}},"5":{"start":{"line":13,"column":4},"end":{"line":13,"column":43}},"6":{"start":{"line":19,"column":4},"end":{"line":19,"column":82}},"7":{"start":{"line":20,"column":4},"end":{"line":20,"column":26}},"8":{"start":{"line":21,"column":4},"end":{"line":21,"column":41}},"9":{"start":{"line":27,"column":4},"end":{"line":27,"column":112}},"10":{"start":{"line":28,"column":4},"end":{"line":28,"column":26}},"11":{"start":{"line":29,"column":4},"end":{"line":29,"column":40}},"12":{"start":{"line":33,"column":0},"end":{"line":38,"column":2}}},"fnMap":{"0":{"name":"(anonymous_0)","decl":{"start":{"line":2,"column":2},"end":{"line":2,"column":3}},"loc":{"start":{"line":2,"column":29},"end":{"line":6,"column":3}},"line":2},"1":{"name":"(anonymous_1)","decl":{"start":{"line":10,"column":2},"end":{"line":10,"column":3}},"loc":{"start":{"line":10,"column":29},"end":{"line":14,"column":3}},"line":10},"2":{"name":"(anonymous_2)","decl":{"start":{"line":18,"column":2},"end":{"line":18,"column":3}},"loc":{"start":{"line":18,"column":22},"end":{"line":22,"column":3}},"line":18},"3":{"name":"(anonymous_3)","decl":{"start":{"line":26,"column":2},"end":{"line":26,"column":3}},"loc":{"start":{"line":26,"column":47},"end":{"line":30,"column":3}},"line":26}},"branchMap":{},"s":{"0":5,"1":5,"2":5,"3":4,"4":4,"5":4,"6":6,"7":6,"8":6,"9":5,"10":5,"11":5,"12":4},"f":{"0":5,"1":4,"2":6,"3":5},"b":{},"_coverageSchema":"1a1c01bbd47fc00a2c39e90264f33305004495a9","hash":"4e6d51239bf4c68ac45db787cc41cb07c15a58e1"}
,"C:\\Users\\danil\\OneDrive\\Documents\\GitHub\\CoachMatch\\server\\api-pagamentos\\utils\\payment-helpers.js": {"path":"C:\\Users\\danil\\OneDrive\\Documents\\GitHub\\CoachMatch\\server\\api-pagamentos\\utils\\payment-helpers.js","statementMap":{"0":{"start":{"line":2,"column":32},"end":{"line":2,"column":51}},"1":{"start":{"line":3,"column":22},"end":{"line":3,"column":60}},"2":{"start":{"line":4,"column":22},"end":{"line":4,"column":42}},"3":{"start":{"line":5,"column":2},"end":{"line":5,"column":38}},"4":{"start":{"line":9,"column":2},"end":{"line":9,"column":52}},"5":{"start":{"line":13,"column":25},"end":{"line":13,"column":44}},"6":{"start":{"line":14,"column":16},"end":{"line":14,"column":48}},"7":{"start":{"line":15,"column":2},"end":{"line":15,"column":67}},"8":{"start":{"line":19,"column":2},"end":{"line":19,"column":43}},"9":{"start":{"line":23,"column":2},"end":{"line":23,"column":43}},"10":{"start":{"line":27,"column":2},"end":{"line":27,"column":52}},"11":{"start":{"line":30,"column":0},"end":{"line":37,"column":2}}},"fnMap":{"0":{"name":"calculateSplit","decl":{"start":{"line":1,"column":9},"end":{"line":1,"column":23}},"loc":{"start":{"line":1,"column":32},"end":{"line":6,"column":1}},"line":1},"1":{"name":"maskCardNumber","decl":{"start":{"line":8,"column":9},"end":{"line":8,"column":23}},"loc":{"start":{"line":8,"column":36},"end":{"line":10,"column":1}},"line":8},"2":{"name":"resolveCardScenario","decl":{"start":{"line":12,"column":9},"end":{"line":12,"column":28}},"loc":{"start":{"line":12,"column":41},"end":{"line":16,"column":1}},"line":12},"3":{"name":"isRefundable","decl":{"start":{"line":18,"column":9},"end":{"line":18,"column":21}},"loc":{"start":{"line":18,"column":35},"end":{"line":20,"column":1}},"line":18},"4":{"name":"isRefunded","decl":{"start":{"line":22,"column":9},"end":{"line":22,"column":19}},"loc":{"start":{"line":22,"column":33},"end":{"line":24,"column":1}},"line":22},"5":{"name":"canRefundAmount","decl":{"start":{"line":26,"column":9},"end":{"line":26,"column":24}},"loc":{"start":{"line":26,"column":46},"end":{"line":28,"column":1}},"line":26}},"branchMap":{"0":{"loc":{"start":{"line":15,"column":9},"end":{"line":15,"column":66}},"type":"binary-expr","locations":[{"start":{"line":15,"column":9},"end":{"line":15,"column":26}},{"start":{"line":15,"column":30},"end":{"line":15,"column":66}}],"line":15},"1":{"loc":{"start":{"line":27,"column":9},"end":{"line":27,"column":51}},"type":"binary-expr","locations":[{"start":{"line":27,"column":9},"end":{"line":27,"column":19}},{"start":{"line":27,"column":23},"end":{"line":27,"column":51}}],"line":27}},"s":{"0":15,"1":15,"2":15,"3":15,"4":10,"5":13,"6":13,"7":13,"8":14,"9":15,"10":15,"11":3},"f":{"0":15,"1":10,"2":13,"3":14,"4":15,"5":15},"b":{"0":[13,1],"1":[15,13]},"_coverageSchema":"1a1c01bbd47fc00a2c39e90264f33305004495a9","hash":"a08947d7cb25291186d8438664d3a0aeab123238"}
}
