TN:
SF:controllers\payments.js
FN:5,createPayment
FN:20,getPayment
FN:32,getCoachPayments
FN:41,getStudentPayments
FN:50,getSessionPayments
FN:59,refundPayment
FN:77,handleError
FNF:7
FNH:7
FNDA:10,createPayment
FNDA:6,getPayment
FNDA:6,getCoachPayments
FNDA:5,getStudentPayments
FNDA:5,getSessionPayments
FNDA:13,refundPayment
FNDA:11,handleError
DA:1,3
DA:6,10
DA:7,10
DA:9,10
DA:13,8
DA:14,8
DA:16,2
DA:21,6
DA:22,6
DA:24,3
DA:26,2
DA:28,3
DA:33,6
DA:34,6
DA:35,5
DA:37,1
DA:42,5
DA:43,5
DA:44,4
DA:46,1
DA:51,5
DA:52,5
DA:53,4
DA:55,1
DA:60,13
DA:61,13
DA:66,5
DA:68,8
DA:69,5
DA:71,3
DA:78,11
DA:79,11
DA:82,3
LF:33
LH:33
BRDA:9,0,0,4
BRDA:9,0,1,6
BRDA:13,1,0,2
BRDA:13,1,1,6
BRDA:24,2,0,1
BRDA:24,2,1,2
BRDA:68,3,0,5
BRDA:68,3,1,3
BRF:8
BRH:8
end_of_record
TN:
SF:middlewares\auth.js
FN:9,auth
FNF:1
FNH:1
FNDA:10,auth
DA:1,1
DA:3,1
DA:10,10
DA:12,10
DA:13,3
DA:16,7
DA:17,7
DA:18,5
DA:24,5
DA:26,2
DA:30,1
LF:11
LH:11
BRDA:12,0,0,3
BRDA:12,0,1,7
BRDA:22,1,0,5
BRDA:22,1,1,1
BRF:4
BRH:4
end_of_record
TN:
SF:middlewares\validation.js
FN:1,validate
FN:2,(anonymous_1)
FN:8,(anonymous_2)
FNF:3
FNH:3
FNDA:6,validate
FNDA:6,(anonymous_1)
FNDA:18,(anonymous_2)
DA:2,6
DA:3,6
DA:5,6
DA:6,3
DA:8,18
DA:12,3
DA:13,3
DA:17,1
LF:8
LH:8
BRDA:5,0,0,3
BRDA:5,0,1,3
BRF:2
BRH:2
end_of_record
TN:
SF:repository\payments.js
FN:23,buildItem
FN:38,create
FN:44,findById
FN:52,findByCoach
FN:63,findByStudent
FN:74,findBySession
FN:85,updateStatus
FNF:7
FNH:0
FNDA:0,buildItem
FNDA:0,create
FNDA:0,findById
FNDA:0,findByCoach
FNDA:0,findByStudent
FNDA:0,findBySession
FNDA:0,updateStatus
DA:1,4
DA:8,4
DA:10,4
DA:11,4
DA:13,4
DA:24,0
DA:39,0
DA:40,0
DA:41,0
DA:45,0
DA:49,0
DA:53,0
DA:60,0
DA:64,0
DA:71,0
DA:75,0
DA:82,0
DA:86,0
DA:99,4
LF:19
LH:6
BRDA:10,0,0,4
BRDA:10,0,1,4
BRDA:13,1,0,4
BRDA:13,1,1,4
BRDA:49,2,0,0
BRDA:49,2,1,0
BRDA:60,3,0,0
BRDA:60,3,1,0
BRDA:71,4,0,0
BRDA:71,4,1,0
BRDA:82,5,0,0
BRDA:82,5,1,0
BRDA:85,6,0,0
BRF:13
BRH:4
end_of_record
TN:
SF:routes\payments.js
FN:16,paymentValidation
FNF:1
FNH:0
FNDA:0,paymentValidation
DA:1,0
DA:9,0
DA:10,0
DA:11,0
DA:13,0
DA:17,0
DA:18,0
DA:23,0
DA:26,0
DA:27,0
DA:28,0
DA:31,0
DA:32,0
DA:34,0
LF:14
LH:0
BRDA:17,0,0,0
BRDA:17,0,1,0
BRF:2
BRH:0
end_of_record
TN:
SF:schemas\payments.js
FNF:0
FNH:0
DA:1,2
DA:5,2
DA:6,2
DA:7,2
DA:8,2
DA:15,2
DA:30,2
DA:38,2
DA:45,2
LF:9
LH:9
BRF:0
BRH:0
end_of_record
TN:
SF:service\payments.js
FN:18,generateTransactionId
FN:24,processCardPayment
FN:48,processPixPayment
FN:71,getPayment
FN:75,getCoachPayments
FN:79,getStudentPayments
FN:83,getSessionPayments
FN:87,refundPayment
FNF:8
FNH:8
FNDA:12,generateTransactionId
FNDA:7,processCardPayment
FNDA:5,processPixPayment
FNDA:2,getPayment
FNDA:2,getCoachPayments
FNDA:1,getStudentPayments
FNDA:1,getSessionPayments
FNDA:12,refundPayment
DA:1,4
DA:2,4
DA:10,4
DA:16,4
DA:19,12
DA:25,7
DA:26,7
DA:27,7
DA:29,7
DA:44,7
DA:45,7
DA:49,5
DA:50,5
DA:53,5
DA:67,5
DA:68,5
DA:72,2
DA:76,2
DA:80,1
DA:84,1
DA:88,12
DA:90,12
DA:91,11
DA:92,10
DA:93,8
DA:95,7
DA:96,7
DA:98,7
DA:100,7
DA:110,4
LF:30
LH:30
BRDA:37,0,0,6
BRDA:37,0,1,1
BRDA:39,1,0,7
BRDA:39,1,1,2
BRDA:40,2,0,7
BRDA:40,2,1,1
BRDA:90,3,0,1
BRDA:90,3,1,11
BRDA:91,4,0,1
BRDA:91,4,1,10
BRDA:92,5,0,2
BRDA:92,5,1,8
BRDA:93,6,0,1
BRDA:93,6,1,7
BRDA:105,7,0,7
BRDA:105,7,1,4
BRF:16
BRH:16
end_of_record
TN:
SF:utils\config.js
FNF:0
FNH:0
DA:1,2
DA:3,2
DA:13,2
LF:3
LH:3
BRF:0
BRH:0
end_of_record
TN:
SF:utils\errors.js
FN:2,(anonymous_0)
FN:10,(anonymous_1)
FN:18,(anonymous_2)
FN:26,(anonymous_3)
FNF:4
FNH:4
FNDA:5,(anonymous_0)
FNDA:4,(anonymous_1)
FNDA:6,(anonymous_2)
FNDA:5,(anonymous_3)
DA:3,5
DA:4,5
DA:5,5
DA:11,4
DA:12,4
DA:13,4
DA:19,6
DA:20,6
DA:21,6
DA:27,5
DA:28,5
DA:29,5
DA:33,6
LF:13
LH:13
BRF:0
BRH:0
end_of_record
TN:
SF:utils\payment-helpers.js
FN:1,calculateSplit
FN:8,maskCardNumber
FN:12,resolveCardScenario
FN:18,isRefundable
FN:22,isRefunded
FN:26,canRefundAmount
FNF:6
FNH:6
FNDA:15,calculateSplit
FNDA:10,maskCardNumber
FNDA:13,resolveCardScenario
FNDA:14,isRefundable
FNDA:15,isRefunded
FNDA:15,canRefundAmount
DA:2,15
DA:3,15
DA:4,15
DA:5,15
DA:9,10
DA:13,13
DA:14,13
DA:15,13
DA:19,14
DA:23,15
DA:27,15
DA:30,5
LF:12
LH:12
BRDA:15,0,0,13
BRDA:15,0,1,1
BRDA:27,1,0,15
BRDA:27,1,1,13
BRF:4
BRH:4
end_of_record
